<?xml version="1.0" encoding="UTF-8"?>
<!-- Generated by org.testng.reporters.JUnitReportReporter -->
<testsuite hostname="DESKTOP-BUK2US3" failures="0" tests="1" name="bb.Sample_Test" time="0.014" errors="0" timestamp="2024-07-31T10:26:34 IST" skipped="0">
  <testcase classname="bb.Sample_Test" name="delTest" time="0.014"/>
</testsuite> <!-- bb.Sample_Test -->
